<?xml version="1.0" encoding="UTF-8"?>
<!-- Generated by org.testng.reporters.JUnitXMLReporter -->
<testsuite ignored="0" hostname="DESKTOP-AC98NTV" failures="0" tests="4" name="Test" time="66.676" errors="0" timestamp="2022-11-03T11:36:43 IST">
  <testcase classname="dataprovider.ValidateLogin2" name="validateLoginTest" time="1.79"/>
  <testcase classname="dataprovider.ValidateLogin2" name="validateLoginTest" time="1.455"/>
  <testcase classname="dataprovider.ValidateLogin2" name="validateLoginTest" time="0.88"/>
  <testcase classname="dataprovider.ValidateLogin2" name="validateLoginTest" time="0.999"/>
</testsuite> <!-- Test -->
