<?xml version="1.0" encoding="UTF-8"?>
<testng-results ignored="0" total="1" passed="1" failed="0" skipped="0">
  <reporter-output>
  </reporter-output>
  <suite started-at="2022-11-03T21:07:48 IST" name="Default suite" finished-at="2022-11-03T21:08:08 IST" duration-ms="20036">
    <groups>
    </groups>
    <test started-at="2022-11-03T21:07:48 IST" name="Default test" finished-at="2022-11-03T21:08:08 IST" duration-ms="20036">
      <class name="TestNg.ScreenShots">
        <test-method signature="screenshots()[pri:0, instance:TestNg.ScreenShots@3527942a]" started-at="2022-11-03T21:07:48 IST" name="screenshots" finished-at="2022-11-03T21:08:08 IST" duration-ms="19924" status="PASS">
          <reporter-output>
          </reporter-output>
        </test-method> <!-- screenshots -->
      </class> <!-- TestNg.ScreenShots -->
    </test> <!-- Default test -->
  </suite> <!-- Default suite -->
</testng-results>
